<?xml version="1.0" encoding="UTF-8"?>
<testng-results skipped="0" failed="0" total="1" passed="1">
  <reporter-output>
  </reporter-output>
  <suite name="Suite" duration-ms="2940" started-at="2020-06-25T12:34:07Z" finished-at="2020-06-25T12:34:10Z">
    <groups>
    </groups>
    <test name="Default test" duration-ms="2940" started-at="2020-06-25T12:34:07Z" finished-at="2020-06-25T12:34:10Z">
      <class name="IframeValidationTests.IframeTests">
        <test-method status="PASS" signature="IframeTest()[pri:0, instance:IframeValidationTests.IframeTests@1e04fa0a]" name="IframeTest" duration-ms="2864" started-at="2020-06-25T18:04:07Z" finished-at="2020-06-25T18:04:10Z">
          <reporter-output>
          </reporter-output>
        </test-method> <!-- IframeTest -->
      </class> <!-- IframeValidationTests.IframeTests -->
    </test> <!-- Default test -->
  </suite> <!-- Suite -->
</testng-results>
